0 verbose cli /opt/homebrew/Cellar/node@22/22.22.1_1/bin/node /opt/homebrew/Cellar/node@22/22.22.1_1/lib/node_modules/npm/bin/npm-cli.js
1 info using npm@10.9.4
2 info using node@v22.22.1
3 silly config load:file:/opt/homebrew/Cellar/node@22/22.22.1_1/lib/node_modules/npm/npmrc
4 silly config load:file:/Users/user/Desktop/BUSSINES/Antigraity/.npmrc
5 silly config load:file:/Users/user/.npmrc
6 silly config load:file:/opt/homebrew/etc/npmrc
7 verbose title npm exec create-next-app@latest ./ --typescript --eslint --app --src-dir --no-tailwind --import-alias @/* --use-npm --no-turbopack
8 verbose argv "exec" "--yes" "--" "create-next-app@latest" "./" "--typescript" "--eslint" "--app" "--src-dir" "--no-tailwind" "--import-alias" "@/*" "--use-npm" "--no-turbopack"
9 verbose logfile logs-max:10 dir:/Users/user/Desktop/BUSSINES/Antigraity/TRADE AI/.npm-cache/_logs/2026-03-13T16_34_14_559Z-
10 verbose logfile /Users/user/Desktop/BUSSINES/Antigraity/TRADE AI/.npm-cache/_logs/2026-03-13T16_34_14_559Z-debug-0.log
11 silly logfile done cleaning log files
12 silly packumentCache heap:4345298944 maxSize:1086324736 maxEntrySize:543162368
13 verbose shrinkwrap failed to load node_modules/.package-lock.json out of date, updated: node_modules
14 http fetch GET 200 https://registry.npmjs.org/npm 201ms
15 http fetch GET 200 https://registry.npmjs.org/create-next-app 361ms (cache miss)
16 silly packumentCache heap:4345298944 maxSize:1086324736 maxEntrySize:543162368
17 silly packumentCache heap:4345298944 maxSize:1086324736 maxEntrySize:543162368
18 silly idealTree buildDeps
19 silly fetch manifest create-next-app@16.1.6
20 silly packumentCache full:https://registry.npmjs.org/create-next-app cache-miss
21 http fetch GET 200 https://registry.npmjs.org/create-next-app 483ms (cache miss)
22 silly packumentCache full:https://registry.npmjs.org/create-next-app set size:undefined disposed:false
23 silly placeDep ROOT create-next-app@16.1.6 OK for:  want: 16.1.6
24 silly reify moves {}
25 silly audit bulk request { 'create-next-app': [ '16.1.6' ] }
26 http cache create-next-app@https://registry.npmjs.org/create-next-app/-/create-next-app-16.1.6.tgz 0ms (cache hit)
27 silly tarball no local data for create-next-app@https://registry.npmjs.org/create-next-app/-/create-next-app-16.1.6.tgz. Extracting by manifest.
28 http fetch GET 200 https://registry.npmjs.org/create-next-app/-/create-next-app-16.1.6.tgz 83ms (cache miss)
29 http fetch POST 200 https://registry.npmjs.org/-/npm/v1/security/advisories/bulk 216ms
30 silly audit report {}
31 verbose cwd /Users/user/Desktop/BUSSINES/Antigraity/TRADE AI
32 verbose os Darwin 24.1.0
33 verbose node v22.22.1
34 verbose npm  v10.9.4
35 notice
35 notice New [31mmajor[39m version of npm available! [31m10.9.4[39m -> [34m11.11.1[39m
35 notice Changelog: [34mhttps://github.com/npm/cli/releases/tag/v11.11.1[39m
35 notice To update run: [4mnpm install -g npm@11.11.1[24m
35 notice  { force: true, [Symbol(proc-log.meta)]: true }
36 verbose exit 1
37 verbose code 1
